  character.cpp
C:\Users\admin\source\repos\Christian.Cutts\PRG210\Runeborn\Game\character.cpp(38,4): warning C4566: character represented by universal-character-name '\u2206' cannot be represented in the current code page (1252)
C:\Users\admin\source\repos\Christian.Cutts\PRG210\Runeborn\Game\character.cpp(62,4): warning C4566: character represented by universal-character-name '\u2206' cannot be represented in the current code page (1252)
C:\Users\admin\source\repos\Christian.Cutts\PRG210\Runeborn\Game\character.cpp(86,4): warning C4566: character represented by universal-character-name '\u2206' cannot be represented in the current code page (1252)
C:\Users\admin\source\repos\Christian.Cutts\PRG210\Runeborn\Game\character.cpp(177,8): warning C4244: 'initializing': conversion from 'float' to 'int', possible loss of data
C:\Users\admin\source\repos\Christian.Cutts\PRG210\Runeborn\Game\character.cpp(502,15): warning C4267: 'initializing': conversion from 'size_t' to 'int', possible loss of data
C:\Users\admin\source\repos\Christian.Cutts\PRG210\Runeborn\Game\character.cpp(616,15): warning C4267: 'initializing': conversion from 'size_t' to 'int', possible loss of data
C:\Users\admin\source\repos\Christian.Cutts\PRG210\Runeborn\Game\character.cpp(728,15): warning C4267: 'initializing': conversion from 'size_t' to 'int', possible loss of data
C:\Users\admin\source\repos\Christian.Cutts\PRG210\Runeborn\Game\character.cpp(840,15): warning C4267: 'initializing': conversion from 'size_t' to 'int', possible loss of data
  enemy.cpp
C:\Users\admin\source\repos\Christian.Cutts\PRG210\Runeborn\Game\enemy.cpp(23,13): warning C4566: character represented by universal-character-name '\u2206' cannot be represented in the current code page (1252)
C:\Users\admin\source\repos\Christian.Cutts\PRG210\Runeborn\Game\enemy.cpp(48,13): warning C4566: character represented by universal-character-name '\u2206' cannot be represented in the current code page (1252)
C:\Users\admin\source\repos\Christian.Cutts\PRG210\Runeborn\Game\enemy.cpp(75,13): warning C4566: character represented by universal-character-name '\u2206' cannot be represented in the current code page (1252)
C:\Users\admin\source\repos\Christian.Cutts\PRG210\Runeborn\Game\enemy.cpp(87,13): warning C4566: character represented by universal-character-name '\u2206' cannot be represented in the current code page (1252)
C:\Users\admin\source\repos\Christian.Cutts\PRG210\Runeborn\Game\enemy.cpp(101,13): warning C4566: character represented by universal-character-name '\u2206' cannot be represented in the current code page (1252)
C:\Users\admin\source\repos\Christian.Cutts\PRG210\Runeborn\Game\enemy.cpp(114,13): warning C4566: character represented by universal-character-name '\u2206' cannot be represented in the current code page (1252)
C:\Users\admin\source\repos\Christian.Cutts\PRG210\Runeborn\Game\enemy.cpp(127,13): warning C4566: character represented by universal-character-name '\u2206' cannot be represented in the current code page (1252)
C:\Users\admin\source\repos\Christian.Cutts\PRG210\Runeborn\Game\enemy.cpp(140,13): warning C4566: character represented by universal-character-name '\u2206' cannot be represented in the current code page (1252)
C:\Users\admin\source\repos\Christian.Cutts\PRG210\Runeborn\Game\enemy.cpp(210,11): warning C4244: 'initializing': conversion from 'float' to 'int', possible loss of data
  main.cpp
C:\Program Files\Microsoft Visual Studio\2022\Community\VC\Tools\MSVC\14.42.34433\include\filesystem(12): warning STL4038: The contents of <filesystem> are available only with C++17 or later.
C:\Users\admin\source\repos\Christian.Cutts\PRG210\Runeborn\Game\main.cpp(67,12): warning C4244: 'argument': conversion from 'time_t' to 'unsigned int', possible loss of data
  Generating Code...
  Game.vcxproj -> C:\Users\admin\source\repos\Christian.Cutts\PRG210\Runeborn\x64\Debug\Game.exe
